<?xml version="1.0" encoding="UTF-8"?>
<!-- Generated by org.testng.reporters.JUnitReportReporter -->
<testsuite skipped="0" hostname="LAPTOP-9L4RSG9A" name="com.testing01.demo01.TestNG_demo01" tests="2" failures="0" timestamp="2020-04-20T11:42:24 CST" time="0.006" errors="0">
  <testcase name="testCase2" time="0.003" classname="com.testing01.demo01.TestNG_demo01"/>
  <system-out/>
  <testcase name="testCase1" time="0.003" classname="com.testing01.demo01.TestNG_demo01"/>
  <system-out/>
</testsuite> <!-- com.testing01.demo01.TestNG_demo01 -->
